<html>
<body>
<pre>
<h1>Vision Build Log</h1>
<h2>Project:</h2>
C:\Users\29494\Desktop\STM32F103MC20-20180729-ESP8266实现TCP客户端连接\STM32F103MC20\Proj\TCP.uvproj
Project File Date:  07/29/2018

<h2>Output:</h2>
Rebuild target 'STM32M35'
compiling stm32f10x_it.c...
compiling main.c...
compiling stm32f10x_rcc.c...
compiling stm32f10x_usart.c...
compiling misc.c...
compiling stm32f10x_gpio.c...
compiling stm32f10x_tim.c...
compiling stm32f10x_adc.c...
compiling stm32f10x_dma.c...
compiling stm32f10x_flash.c...
compiling M35.c...
compiling delay.c...
compiling Bsp.c...
compiling bsp_dht11.c...
compiling analysis.c...
compiling flash.c...
compiling esp8266.c...
compiling usart.c...
..\Bsp\usart.c(142): warning:  #167-D: argument of type "unsigned char *" is incompatible with parameter of type "char *restrict"
compiling core_cm3.c...
compiling system_stm32f10x.c...
assembling startup_stm32f10x_md.s...
linking...
Program Size: Code=17752 RO-data=784 RW-data=212 ZI-data=6020  
FromELF: creating hex file...
".\Output\STM32M35.axf" - 0 Errors, 1 Warning(s).
Rebuild target 'STM32M35'
compiling stm32f10x_it.c...
compiling main.c...
compiling stm32f10x_rcc.c...
compiling stm32f10x_usart.c...
compiling misc.c...
compiling stm32f10x_gpio.c...
compiling stm32f10x_tim.c...
compiling stm32f10x_adc.c...
compiling stm32f10x_dma.c...
compiling stm32f10x_flash.c...
compiling delay.c...
compiling Bsp.c...
compiling bsp_dht11.c...
compiling analysis.c...
compiling flash.c...
compiling esp8266.c...
compiling usart.c...
..\Bsp\usart.c(142): warning:  #167-D: argument of type "unsigned char *" is incompatible with parameter of type "char *restrict"
compiling core_cm3.c...
compiling system_stm32f10x.c...
assembling startup_stm32f10x_md.s...
linking...
.\Output\STM32M35.axf: Error: L6218E: Undefined symbol Tcp (referred from main.o).
.\Output\STM32M35.axf: Error: L6218E: Undefined symbol GPS (referred from analysis.o).
".\Output\STM32M35.axf" - 2 Errors, 1 Warning(s).
Target not created
Rebuild target 'STM32M35'
compiling stm32f10x_it.c...
compiling main.c...
compiling stm32f10x_rcc.c...
compiling stm32f10x_usart.c...
compiling misc.c...
compiling stm32f10x_gpio.c...
compiling stm32f10x_tim.c...
compiling stm32f10x_adc.c...
compiling stm32f10x_dma.c...
compiling stm32f10x_flash.c...
compiling delay.c...
compiling Bsp.c...
compiling bsp_dht11.c...
compiling analysis.c...
compiling flash.c...
compiling esp8266.c...
compiling usart.c...
..\Bsp\usart.c(142): warning:  #167-D: argument of type "unsigned char *" is incompatible with parameter of type "char *restrict"
compiling core_cm3.c...
compiling system_stm32f10x.c...
assembling startup_stm32f10x_md.s...
linking...
.\Output\STM32M35.axf: Error: L6218E: Undefined symbol Tcp (referred from main.o).
.\Output\STM32M35.axf: Error: L6218E: Undefined symbol GPS (referred from analysis.o).
".\Output\STM32M35.axf" - 2 Errors, 1 Warning(s).
Target not created
Rebuild target 'STM32M35'
compiling stm32f10x_it.c...
compiling main.c...
compiling stm32f10x_rcc.c...
compiling stm32f10x_usart.c...
compiling misc.c...
compiling stm32f10x_gpio.c...
compiling stm32f10x_tim.c...
compiling stm32f10x_adc.c...
compiling stm32f10x_dma.c...
compiling stm32f10x_flash.c...
compiling delay.c...
compiling Bsp.c...
compiling bsp_dht11.c...
compiling analysis.c...
compiling flash.c...
compiling esp8266.c...
compiling usart.c...
..\Bsp\usart.c(142): warning:  #167-D: argument of type "unsigned char *" is incompatible with parameter of type "char *restrict"
compiling core_cm3.c...
compiling system_stm32f10x.c...
assembling startup_stm32f10x_md.s...
linking...
.\Output\STM32M35.axf: Error: L6218E: Undefined symbol Tcp (referred from main.o).
.\Output\STM32M35.axf: Error: L6218E: Undefined symbol GPS (referred from analysis.o).
".\Output\STM32M35.axf" - 2 Errors, 1 Warning(s).
Target not created
Rebuild target 'STM32M35'
compiling stm32f10x_it.c...
compiling main.c...
compiling stm32f10x_rcc.c...
compiling stm32f10x_usart.c...
compiling misc.c...
compiling stm32f10x_gpio.c...
compiling stm32f10x_tim.c...
compiling stm32f10x_adc.c...
compiling stm32f10x_dma.c...
compiling stm32f10x_flash.c...
compiling delay.c...
compiling Bsp.c...
compiling bsp_dht11.c...
compiling analysis.c...
compiling flash.c...
compiling esp8266.c...
compiling usart.c...
..\Bsp\usart.c(142): warning:  #167-D: argument of type "unsigned char *" is incompatible with parameter of type "char *restrict"
compiling core_cm3.c...
compiling system_stm32f10x.c...
assembling startup_stm32f10x_md.s...
linking...
.\Output\STM32M35.axf: Error: L6218E: Undefined symbol GPS (referred from analysis.o).
".\Output\STM32M35.axf" - 1 Errors, 1 Warning(s).
Target not created
Rebuild target 'STM32M35'
compiling stm32f10x_it.c...
compiling main.c...
compiling stm32f10x_rcc.c...
compiling stm32f10x_usart.c...
compiling misc.c...
compiling stm32f10x_gpio.c...
compiling stm32f10x_tim.c...
compiling stm32f10x_adc.c...
compiling stm32f10x_dma.c...
compiling stm32f10x_flash.c...
compiling delay.c...
compiling Bsp.c...
compiling bsp_dht11.c...
compiling analysis.c...
compiling flash.c...
compiling esp8266.c...
compiling usart.c...
..\Bsp\usart.c(142): warning:  #167-D: argument of type "unsigned char *" is incompatible with parameter of type "char *restrict"
compiling core_cm3.c...
compiling system_stm32f10x.c...
assembling startup_stm32f10x_md.s...
linking...
.\Output\STM32M35.axf: Error: L6218E: Undefined symbol DTU (referred from stm32f10x_it.o).
.\Output\STM32M35.axf: Error: L6218E: Undefined symbol GPS (referred from analysis.o).
".\Output\STM32M35.axf" - 2 Errors, 1 Warning(s).
Target not created
Rebuild target 'STM32M35'
compiling stm32f10x_it.c...
compiling main.c...
compiling stm32f10x_rcc.c...
compiling stm32f10x_usart.c...
compiling misc.c...
compiling stm32f10x_gpio.c...
compiling stm32f10x_tim.c...
compiling stm32f10x_adc.c...
compiling stm32f10x_dma.c...
compiling stm32f10x_flash.c...
compiling delay.c...
compiling Bsp.c...
compiling bsp_dht11.c...
compiling analysis.c...
..\Bsp\analysis.c(85): warning:  #9-D: nested comment is not allowed
compiling flash.c...
compiling esp8266.c...
compiling usart.c...
..\Bsp\usart.c(142): warning:  #167-D: argument of type "unsigned char *" is incompatible with parameter of type "char *restrict"
compiling core_cm3.c...
compiling system_stm32f10x.c...
assembling startup_stm32f10x_md.s...
linking...
.\Output\STM32M35.axf: Error: L6218E: Undefined symbol DTU (referred from stm32f10x_it.o).
".\Output\STM32M35.axf" - 1 Errors, 2 Warning(s).
Target not created
Rebuild target 'STM32M35'
compiling stm32f10x_it.c...
compiling main.c...
compiling stm32f10x_rcc.c...
compiling stm32f10x_usart.c...
compiling misc.c...
compiling stm32f10x_gpio.c...
compiling stm32f10x_tim.c...
compiling stm32f10x_adc.c...
compiling stm32f10x_dma.c...
compiling stm32f10x_flash.c...
compiling delay.c...
compiling Bsp.c...
compiling bsp_dht11.c...
compiling flash.c...
compiling esp8266.c...
compiling usart.c...
..\Bsp\usart.c(142): warning:  #167-D: argument of type "unsigned char *" is incompatible with parameter of type "char *restrict"
compiling core_cm3.c...
compiling system_stm32f10x.c...
assembling startup_stm32f10x_md.s...
linking...
.\Output\STM32M35.axf: Error: L6218E: Undefined symbol DTU (referred from stm32f10x_it.o).
".\Output\STM32M35.axf" - 1 Errors, 1 Warning(s).
Target not created
Rebuild target 'STM32M35'
compiling stm32f10x_it.c...
compiling main.c...
compiling stm32f10x_rcc.c...
compiling stm32f10x_usart.c...
compiling misc.c...
compiling stm32f10x_gpio.c...
compiling stm32f10x_tim.c...
compiling stm32f10x_adc.c...
compiling stm32f10x_dma.c...
compiling stm32f10x_flash.c...
compiling delay.c...
compiling Bsp.c...
compiling bsp_dht11.c...
compiling flash.c...
compiling esp8266.c...
compiling usart.c...
..\Bsp\usart.c(142): warning:  #167-D: argument of type "unsigned char *" is incompatible with parameter of type "char *restrict"
compiling core_cm3.c...
compiling system_stm32f10x.c...
assembling startup_stm32f10x_md.s...
linking...
.\Output\STM32M35.axf: Error: L6218E: Undefined symbol DTU (referred from stm32f10x_it.o).
".\Output\STM32M35.axf" - 1 Errors, 1 Warning(s).
Target not created
Rebuild target 'STM32M35'
compiling stm32f10x_it.c...
compiling main.c...
compiling stm32f10x_rcc.c...
compiling stm32f10x_usart.c...
compiling misc.c...
compiling stm32f10x_gpio.c...
compiling stm32f10x_tim.c...
compiling stm32f10x_adc.c...
compiling stm32f10x_dma.c...
compiling stm32f10x_flash.c...
compiling delay.c...
compiling Bsp.c...
compiling bsp_dht11.c...
compiling flash.c...
compiling esp8266.c...
compiling usart.c...
..\Bsp\usart.c(142): warning:  #167-D: argument of type "unsigned char *" is incompatible with parameter of type "char *restrict"
compiling core_cm3.c...
compiling system_stm32f10x.c...
assembling startup_stm32f10x_md.s...
linking...
Program Size: Code=17472 RO-data=784 RW-data=208 ZI-data=5192  
FromELF: creating hex file...
".\Output\STM32M35.axf" - 0 Errors, 1 Warning(s).
Rebuild target 'STM32M35'
compiling stm32f10x_it.c...
compiling main.c...
compiling stm32f10x_rcc.c...
compiling stm32f10x_usart.c...
compiling misc.c...
compiling stm32f10x_gpio.c...
compiling stm32f10x_tim.c...
compiling stm32f10x_adc.c...
compiling stm32f10x_dma.c...
compiling stm32f10x_flash.c...
compiling delay.c...
compiling Bsp.c...
compiling bsp_dht11.c...
compiling flash.c...
compiling esp8266.c...
compiling usart.c...
..\Bsp\usart.c(142): warning:  #167-D: argument of type "unsigned char *" is incompatible with parameter of type "char *restrict"
compiling core_cm3.c...
compiling system_stm32f10x.c...
assembling startup_stm32f10x_md.s...
linking...
Program Size: Code=17472 RO-data=784 RW-data=192 ZI-data=5192  
FromELF: creating hex file...
".\Output\STM32M35.axf" - 0 Errors, 1 Warning(s).
Rebuild target 'STM32M35'
compiling stm32f10x_it.c...
compiling main.c...
compiling stm32f10x_rcc.c...
compiling stm32f10x_usart.c...
compiling misc.c...
compiling stm32f10x_gpio.c...
compiling stm32f10x_tim.c...
compiling stm32f10x_adc.c...
compiling stm32f10x_dma.c...
compiling stm32f10x_flash.c...
compiling delay.c...
compiling Bsp.c...
compiling bsp_dht11.c...
compiling flash.c...
compiling esp8266.c...
compiling usart.c...
..\Bsp\usart.c(142): warning:  #167-D: argument of type "unsigned char *" is incompatible with parameter of type "char *restrict"
compiling core_cm3.c...
compiling system_stm32f10x.c...
assembling startup_stm32f10x_md.s...
linking...
.\Output\STM32M35.axf: Error: L6218E: Undefined symbol COMUP (referred from main.o).
.\Output\STM32M35.axf: Error: L6218E: Undefined symbol Get_Current_Location (referred from main.o).
.\Output\STM32M35.axf: Error: L6218E: Undefined symbol Log_Package (referred from main.o).
.\Output\STM32M35.axf: Error: L6218E: Undefined symbol ibusy (referred from main.o).
".\Output\STM32M35.axf" - 4 Errors, 1 Warning(s).
Target not created
Rebuild target 'STM32M35'
compiling stm32f10x_it.c...
compiling main.c...
compiling stm32f10x_rcc.c...
compiling stm32f10x_usart.c...
compiling misc.c...
compiling stm32f10x_gpio.c...
compiling stm32f10x_tim.c...
compiling stm32f10x_adc.c...
compiling stm32f10x_dma.c...
compiling stm32f10x_flash.c...
compiling delay.c...
compiling Bsp.c...
compiling bsp_dht11.c...
compiling flash.c...
compiling esp8266.c...
compiling usart.c...
..\Bsp\usart.c(142): warning:  #167-D: argument of type "unsigned char *" is incompatible with parameter of type "char *restrict"
compiling core_cm3.c...
compiling system_stm32f10x.c...
assembling startup_stm32f10x_md.s...
linking...
.\Output\STM32M35.axf: Error: L6218E: Undefined symbol COMUP (referred from main.o).
.\Output\STM32M35.axf: Error: L6218E: Undefined symbol ibusy (referred from main.o).
".\Output\STM32M35.axf" - 2 Errors, 1 Warning(s).
Target not created
Rebuild target 'STM32M35'
compiling stm32f10x_it.c...
compiling main.c...
compiling stm32f10x_rcc.c...
compiling stm32f10x_usart.c...
compiling misc.c...
compiling stm32f10x_gpio.c...
compiling stm32f10x_tim.c...
compiling stm32f10x_adc.c...
compiling stm32f10x_dma.c...
compiling stm32f10x_flash.c...
compiling delay.c...
compiling Bsp.c...
compiling bsp_dht11.c...
compiling flash.c...
compiling esp8266.c...
compiling usart.c...
..\Bsp\usart.c(142): warning:  #167-D: argument of type "unsigned char *" is incompatible with parameter of type "char *restrict"
compiling core_cm3.c...
compiling system_stm32f10x.c...
assembling startup_stm32f10x_md.s...
linking...
Program Size: Code=17540 RO-data=784 RW-data=192 ZI-data=5192  
FromELF: creating hex file...
".\Output\STM32M35.axf" - 0 Errors, 1 Warning(s).
Rebuild target 'STM32M35'
compiling stm32f10x_it.c...
compiling main.c...
compiling stm32f10x_rcc.c...
compiling stm32f10x_usart.c...
compiling misc.c...
compiling stm32f10x_gpio.c...
compiling stm32f10x_tim.c...
compiling stm32f10x_adc.c...
compiling stm32f10x_dma.c...
compiling stm32f10x_flash.c...
compiling delay.c...
compiling Bsp.c...
compiling bsp_dht11.c...
compiling esp8266.c...
compiling usart.c...
..\Bsp\usart.c(142): warning:  #167-D: argument of type "unsigned char *" is incompatible with parameter of type "char *restrict"
compiling core_cm3.c...
compiling system_stm32f10x.c...
assembling startup_stm32f10x_md.s...
linking...
Program Size: Code=17540 RO-data=784 RW-data=192 ZI-data=5192  
FromELF: creating hex file...
".\Output\STM32M35.axf" - 0 Errors, 1 Warning(s).
Rebuild target 'STM32M35'
compiling stm32f10x_it.c...
..\User\includes.h(8): error:  #5: cannot open source input file "m35.h": No such file or directory
compiling main.c...
..\User\includes.h(8): error:  #5: cannot open source input file "m35.h": No such file or directory
compiling stm32f10x_rcc.c...
compiling stm32f10x_usart.c...
compiling misc.c...
compiling stm32f10x_gpio.c...
compiling stm32f10x_tim.c...
compiling stm32f10x_adc.c...
compiling stm32f10x_dma.c...
compiling stm32f10x_flash.c...
compiling delay.c...
..\User\includes.h(8): error:  #5: cannot open source input file "m35.h": No such file or directory
compiling Bsp.c...
..\User\includes.h(8): error:  #5: cannot open source input file "m35.h": No such file or directory
compiling bsp_dht11.c...
..\User\includes.h(8): error:  #5: cannot open source input file "m35.h": No such file or directory
compiling esp8266.c...
..\User\includes.h(8): error:  #5: cannot open source input file "m35.h": No such file or directory
compiling usart.c...
..\User\includes.h(8): error:  #5: cannot open source input file "m35.h": No such file or directory
compiling core_cm3.c...
compiling system_stm32f10x.c...
assembling startup_stm32f10x_md.s...
".\Output\STM32M35.axf" - 7 Errors, 0 Warning(s).
Target not created
Rebuild target 'STM32M35'
compiling stm32f10x_it.c...
compiling main.c...
compiling stm32f10x_rcc.c...
compiling stm32f10x_usart.c...
compiling misc.c...
compiling stm32f10x_gpio.c...
compiling stm32f10x_tim.c...
compiling stm32f10x_adc.c...
compiling stm32f10x_dma.c...
compiling stm32f10x_flash.c...
compiling delay.c...
compiling Bsp.c...
compiling bsp_dht11.c...
compiling esp8266.c...
compiling usart.c...
..\Bsp\usart.c(142): warning:  #167-D: argument of type "unsigned char *" is incompatible with parameter of type "char *restrict"
compiling core_cm3.c...
compiling system_stm32f10x.c...
assembling startup_stm32f10x_md.s...
linking...
Program Size: Code=17540 RO-data=784 RW-data=192 ZI-data=5192  
FromELF: creating hex file...
".\Output\STM32M35.axf" - 0 Errors, 1 Warning(s).
Rebuild target 'STM32M35'
compiling stm32f10x_it.c...
compiling main.c...
compiling stm32f10x_rcc.c...
compiling stm32f10x_usart.c...
compiling misc.c...
compiling stm32f10x_gpio.c...
compiling stm32f10x_tim.c...
compiling stm32f10x_adc.c...
compiling stm32f10x_dma.c...
compiling stm32f10x_flash.c...
compiling delay.c...
compiling Bsp.c...
compiling bsp_dht11.c...
compiling esp8266.c...
compiling usart.c...
..\Bsp\usart.c(142): warning:  #167-D: argument of type "unsigned char *" is incompatible with parameter of type "char *restrict"
compiling core_cm3.c...
compiling system_stm32f10x.c...
assembling startup_stm32f10x_md.s...
linking...
Program Size: Code=17540 RO-data=784 RW-data=192 ZI-data=5192  
FromELF: creating hex file...
".\Output\STM32M35.axf" - 0 Errors, 1 Warning(s).
